<?xml version="1.0" encoding="UTF-8"?>
<!-- Generated by org.testng.reporters.JUnitXMLReporter -->
<testsuite hostname="Rajivs-MacBook-Pro.local" ignored="0" name="Default test" tests="2" failures="0" timestamp="18 Nov 2023 14:42:22 GMT" time="66.571" errors="0">
  <testcase name="submitOrder" time="18.019" classname="com.seleniumhq.selenium_java.pageObjects.DataProviderTest"/>
  <testcase name="submitOrder" time="18.106" classname="com.seleniumhq.selenium_java.pageObjects.DataProviderTest"/>
</testsuite> <!-- Default test -->
